2023-05-08 23:11:33.759 [main] Testing Student Class.
2023-05-08 23:11:33.764 [main] Managing Student's Info.
2023-05-08 23:11:33.764 [main] Saving student data to file Homework6/studentData.csv
2023-05-08 23:11:33.765 [main] Successfully added student Name: Alice
Address: 123 ABC Avenue
Age: 25
ID: 1234
Phone: 1234567890
School Name: Solvd
SchoolAddress: Remote
Standing: Good
Major: Computer Science
2023-05-08 23:11:33.765 [main] Managing Student's Info.
2023-05-08 23:11:33.765 [main] Saving student data to file Homework6/studentData.csv
2023-05-08 23:11:33.766 [main] Successfully added student Name: James
Address: 123 ABC Avenue
Age: 25
ID: 5555
Phone: 1234567890
School Name: Solvd
SchoolAddress: Remote
Standing: Good
Major: Computer Science
2023-05-08 23:11:33.766 [main] Managing Student's Info.
2023-05-08 23:11:33.766 [main] Saving student data to file Homework6/studentData.csv
2023-05-08 23:11:33.767 [main] Successfully added student Name: John
Address: 123 ABC Avenue
Age: 25
ID: 9876
Phone: 1234567890
School Name: Solvd
SchoolAddress: Remote
Standing: Good
Major: Computer Science
2023-05-08 23:11:33.767 [main] Testing Professor Class.
2023-05-08 23:11:33.767 [main] Managing Professor's Info.
2023-05-08 23:11:33.768 [main] Sucessfully added professor.
2023-05-08 23:11:33.768 [main] Adding Professor's Info to Database
2023-05-08 23:11:33.769 [main] Professor Successfully added.
2023-05-08 23:11:33.769 [main] Managing Professor's Info.
2023-05-08 23:11:33.769 [main] Sucessfully added professor.
2023-05-08 23:11:33.769 [main] Adding Professor's Info to Database
2023-05-08 23:11:33.770 [main] Professor Successfully added.
2023-05-08 23:11:33.770 [main] Managing Professor's Info.
2023-05-08 23:11:33.770 [main] Sucessfully added professor.
2023-05-08 23:11:33.770 [main] Adding Professor's Info to Database
2023-05-08 23:11:33.770 [main] Professor Successfully added.
2023-05-08 23:11:33.770 [main] Testing HashMap.
2023-05-08 23:11:33.771 [main] Professor with ID 12345: Tim
2023-05-08 23:11:33.771 [main] Testing Queue
2023-05-08 23:11:33.771 [main] Students in the queue:
2023-05-08 23:11:33.772 [main] Tim
2023-05-08 23:11:33.772 [main] Brook
2023-05-08 23:11:33.772 [main] Jess
2023-05-08 23:11:33.772 [main] Tim
2023-05-08 23:11:33.772 [main] Brook
2023-05-08 23:11:33.772 [main] Jess
2023-05-08 23:11:33.772 [main] Testing Generic Custom LinkedList
2023-05-08 23:11:33.772 [main] Managing Student's Info.
2023-05-08 23:11:33.772 [main] Saving student data to file Homework6/studentData.csv
2023-05-08 23:11:33.773 [main] Successfully added student Name: James
Address: 123 ABC Avenue
Age: 25
ID: 122334
Phone: 1234567890
School Name: Solvd
SchoolAddress: Remote
Standing: Good
Major: Computer Science
2023-05-08 23:11:33.773 [main] Managing Student's Info.
2023-05-08 23:11:33.773 [main] Saving student data to file Homework6/studentData.csv
2023-05-08 23:11:33.774 [main] Successfully added student Name: Timmys
Address: 123 ABC Avenue
Age: 25
ID: 552355
Phone: 1234567890
School Name: Solvd
SchoolAddress: Remote
Standing: Good
Major: Computer Science
2023-05-08 23:11:33.774 [main] Managing Student's Info.
2023-05-08 23:11:33.774 [main] Saving student data to file Homework6/studentData.csv
2023-05-08 23:11:33.775 [main] Successfully added student Name: Pete
Address: 123 ABC Avenue
Age: 25
ID: 932876
Phone: 1234567890
School Name: Solvd
SchoolAddress: Remote
Standing: Good
Major: Computer Science
2023-05-09 18:08:03.061 [main] Testing Student Class.
2023-05-09 18:08:03.065 [main] Managing Student's Info.
2023-05-09 18:08:03.066 [main] Saving student data to file src/main/java/com/solvd/project/Data/studentData.csv
2023-05-09 18:08:03.069 [main] Successfully added student Name: Alice
Address: 123 ABC Avenue
Age: 25
ID: 1234
Phone: 1234567890
School Name: Solvd
SchoolAddress: Remote
Standing: Good
Major: Computer Science
2023-05-09 18:08:03.069 [main] Managing Student's Info.
2023-05-09 18:08:03.069 [main] Saving student data to file src/main/java/com/solvd/project/Data/studentData.csv
2023-05-09 18:08:03.070 [main] Successfully added student Name: James
Address: 123 ABC Avenue
Age: 25
ID: 5555
Phone: 1234567890
School Name: Solvd
SchoolAddress: Remote
Standing: Good
Major: Computer Science
2023-05-09 18:08:03.070 [main] Managing Student's Info.
2023-05-09 18:08:03.070 [main] Saving student data to file src/main/java/com/solvd/project/Data/studentData.csv
2023-05-09 18:08:03.071 [main] Successfully added student Name: John
Address: 123 ABC Avenue
Age: 25
ID: 9876
Phone: 1234567890
School Name: Solvd
SchoolAddress: Remote
Standing: Good
Major: Computer Science
2023-05-09 18:08:03.072 [main] Testing Professor Class.
2023-05-09 18:08:03.072 [main] Managing Professor's Info.
2023-05-09 18:08:03.073 [main] Sucessfully added professor.
2023-05-09 18:08:03.073 [main] Adding Professor's Info to Database
2023-05-09 18:08:03.074 [main] Professor Successfully added.
2023-05-09 18:08:03.074 [main] Managing Professor's Info.
2023-05-09 18:08:03.074 [main] Sucessfully added professor.
2023-05-09 18:08:03.074 [main] Adding Professor's Info to Database
2023-05-09 18:08:03.075 [main] Professor Successfully added.
2023-05-09 18:08:03.075 [main] Managing Professor's Info.
2023-05-09 18:08:03.075 [main] Sucessfully added professor.
2023-05-09 18:08:03.075 [main] Adding Professor's Info to Database
2023-05-09 18:08:03.076 [main] Professor Successfully added.
2023-05-09 18:08:03.076 [main] Testing HashMap.
2023-05-09 18:08:03.076 [main] Professor with ID 12345: Tim
2023-05-09 18:08:03.076 [main] Testing Queue
2023-05-09 18:08:03.077 [main] Students in the queue:
2023-05-09 18:08:03.077 [main] Tim
2023-05-09 18:08:03.077 [main] Brook
2023-05-09 18:08:03.077 [main] Jess
2023-05-09 18:08:03.077 [main] Tim
2023-05-09 18:08:03.077 [main] Brook
2023-05-09 18:08:03.077 [main] Jess
2023-05-09 18:08:03.077 [main] Tim
2023-05-09 18:08:03.077 [main] Brook
2023-05-09 18:08:03.077 [main] Jess
2023-05-09 18:08:03.077 [main] Testing Generic Custom LinkedList
2023-05-09 18:08:03.077 [main] Managing Student's Info.
2023-05-09 18:08:03.077 [main] Saving student data to file src/main/java/com/solvd/project/Data/studentData.csv
2023-05-09 18:08:03.078 [main] Successfully added student Name: James
Address: 123 ABC Avenue
Age: 25
ID: 122334
Phone: 1234567890
School Name: Solvd
SchoolAddress: Remote
Standing: Good
Major: Computer Science
2023-05-09 18:08:03.078 [main] Managing Student's Info.
2023-05-09 18:08:03.078 [main] Saving student data to file src/main/java/com/solvd/project/Data/studentData.csv
2023-05-09 18:08:03.078 [main] Successfully added student Name: Timmys
Address: 123 ABC Avenue
Age: 25
ID: 552355
Phone: 1234567890
School Name: Solvd
SchoolAddress: Remote
Standing: Good
Major: Computer Science
2023-05-09 18:08:03.079 [main] Managing Student's Info.
2023-05-09 18:08:03.079 [main] Saving student data to file src/main/java/com/solvd/project/Data/studentData.csv
2023-05-09 18:08:03.079 [main] Successfully added student Name: Pete
Address: 123 ABC Avenue
Age: 25
ID: 932876
Phone: 1234567890
School Name: Solvd
SchoolAddress: Remote
Standing: Good
Major: Computer Science
2023-05-22 00:00:02.386 [main] Lambda homework begin.
2023-05-22 00:00:02.391 [main] Using predicate function to filter student greater or equal 18
2023-05-22 00:00:02.397 [main] Successfully added student Name: Asheley
Address: null
Age: 35
ID: 0
Phone: 0
School Name: null
SchoolAddress: null
Standing: null
Major: CS
2023-05-22 00:00:02.397 [main] Successfully added student Name: Bobby
Address: null
Age: 25
ID: 0
Phone: 0
School Name: null
SchoolAddress: null
Standing: null
Major: MATH
2023-05-22 00:00:02.397 [main] Successfully added student Name: Johnathan
Address: null
Age: 15
ID: 0
Phone: 0
School Name: null
SchoolAddress: null
Standing: null
Major: CS
2023-05-22 00:00:02.398 [main] Name: Asheley
Age: 35
Major: CS
2023-05-22 00:00:02.398 [main] Name: Bobby
Age: 25
Major: MATH
2023-05-22 00:00:02.398 [main] ===========================
2023-05-22 00:00:02.398 [main] Using function consumer and BiFunction to filter students' name and name+age
2023-05-22 00:00:02.398 [main] Student Name: Asheley
2023-05-22 00:00:02.398 [main] Student Name: Bobby
2023-05-22 00:00:02.398 [main] Student Name: Johnathan
2023-05-22 00:00:02.399 [main] Student Age: 35, Name: Asheley
2023-05-22 00:00:02.399 [main] Student Age: 25, Name: Bobby
2023-05-22 00:00:02.399 [main] Student Age: 15, Name: Johnathan
2023-05-22 00:00:02.399 [main] ===========================
2023-05-22 00:00:02.399 [main] Uses of 3 custom lambda function with generic.
2023-05-22 00:00:02.400 [main] Filter student's name start with A
2023-05-22 00:00:02.400 [main] Name: Asheley
Age: 35
Major: CS
2023-05-22 00:00:02.400 [main] ===========================
2023-05-22 00:00:02.400 [main] Filter student with age between 20 and 30
2023-05-22 00:00:02.400 [main] Name: Bobby
Age: 25
Major: MATH
2023-05-22 00:00:02.400 [main] ===========================
2023-05-22 00:00:02.401 [main] Filter student with CS major
2023-05-22 00:00:02.401 [main] Name: Asheley
Age: 35
Major: CS
2023-05-22 00:00:02.401 [main] Name: Johnathan
Age: 15
Major: CS
2023-05-22 00:00:02.401 [main] ===========================
2023-05-22 00:00:02.401 [main] Uses of enums
2023-05-22 00:00:02.401 [main] Major's details ...
2023-05-22 00:00:02.402 [main] Ash
Major: Computer Science
Id: 150
2023-05-22 00:00:02.402 [main] Bob
Major: Computer Science
Id: 150
2023-05-22 00:00:02.402 [main] John
Major: Computer Science
Id: 150
2023-05-24 18:22:18.533 [main] ////////////////////////////////////////////
2023-05-24 18:22:18.533 [main] Start of stream collection and Reflection Homework
2023-05-24 18:22:18.533 [main] Filter Students who are 18 or older using stream
2023-05-24 18:22:18.533 [main] Name: Asheley
Age: 35
Major: CS
2023-05-24 18:22:18.533 [main] Name: Bobby
Age: 25
Major: MATH
2023-05-24 18:22:18.533 [main] Name: Ash
Age: 45
Major: COMPUTER_SCIENCE
2023-05-24 18:22:18.533 [main] Name: Bob
Age: 25
Major: MATH
2023-05-24 18:22:18.533 [main] +++++++++++++++++++++++
2023-05-24 18:22:18.533 [main] Sort by ascending order of age using stream
2023-05-24 18:22:18.535 [main] Name: Bobby
Age: 25
Major: MATH
2023-05-24 18:22:18.535 [main] Name: Bob
Age: 25
Major: MATH
2023-05-24 18:22:18.535 [main] Name: Asheley
Age: 35
Major: CS
2023-05-24 18:22:18.535 [main] Name: Ash
Age: 45
Major: COMPUTER_SCIENCE
2023-05-24 18:22:18.536 [main] +++++++++++++++++++++++
2023-05-24 18:22:18.536 [main] List of sorted students' name
2023-05-24 18:22:18.536 [main] Names of Sorted Students:
2023-05-24 18:22:18.537 [main] Bobby
2023-05-24 18:22:18.537 [main] Bob
2023-05-24 18:22:18.537 [main] Asheley
2023-05-24 18:22:18.537 [main] Ash
2023-05-24 18:22:18.537 [main] +++++++++++++++++++++++
2023-05-24 18:22:18.537 [main] Average student age of the sorted list.
2023-05-24 18:22:18.539 [main] Average age of filtered Students: 32.5
2023-05-24 18:22:18.539 [main] ///////////////////////////////////////////
2023-05-24 18:22:18.539 [main] Using reflection to extract information(modifiers,return types,parameter,etc) about field, constructors,method.
2023-05-24 18:22:18.539 [main] create object and call method using only reflection
2023-05-24 18:22:18.539 [main] ///////////////////////////////////////////
2023-05-24 18:22:18.539 [main] Printing names of all declared method.
2023-05-24 18:22:18.540 [main] [toString, customToString, getSubject, getSchedule, setStanding, getMajor, setMajor, printInfo, setSchedule, getAcademicStanding, getName, equals, hashCode, setName, getId, getAge, setAge, setId, setPhoneNumber, getPhoneNumber, setStreetAddress, getSchoolAddress, getStreetAddress, getSchoolName, getClass, notify, notifyAll, wait, wait, wait]
2023-05-24 18:22:18.540 [main] +++++++++++++++++++++++++++++++++
2023-05-24 18:22:18.540 [main] Create object and call method set using reflection.
2023-05-24 18:22:18.540 [main] Before
Name: Ash
Age: 45
Major: COMPUTER_SCIENCE
2023-05-24 18:22:18.543 [main] After
Name: Ash
Age: 33
Major: COMPUTER_SCIENCE
2023-05-24 18:22:18.543 [main] +++++++++++++++++++++++++++++++++
2023-05-24 18:22:18.543 [main] Extracting information about fields
2023-05-24 18:22:18.543 [main] Field: academicStanding
2023-05-24 18:22:18.543 [main] Type: String
2023-05-24 18:22:18.544 [main] Modifiers: private
2023-05-24 18:22:18.544 [main] 

2023-05-24 18:22:18.544 [main] Field: major
2023-05-24 18:22:18.544 [main] Type: String
2023-05-24 18:22:18.544 [main] Modifiers: private
2023-05-24 18:22:18.544 [main] 

2023-05-24 18:22:18.544 [main] Field: schedule
2023-05-24 18:22:18.544 [main] Type: Schedule
2023-05-24 18:22:18.544 [main] Modifiers: private
2023-05-24 18:22:18.544 [main] 

2023-05-24 18:22:18.544 [main] Field: subject
2023-05-24 18:22:18.544 [main] Type: Subject
2023-05-24 18:22:18.544 [main] Modifiers: private
2023-05-24 18:22:18.544 [main] 

2023-05-24 18:22:18.544 [main] Field: role
2023-05-24 18:22:18.544 [main] Type: String
2023-05-24 18:22:18.544 [main] Modifiers: private final
2023-05-24 18:22:18.544 [main] 

2023-05-24 18:22:18.544 [main] +++++++++++++++++++++++++++++++++
2023-05-24 18:22:18.544 [main] Extracting information about constructors
2023-05-24 18:22:18.544 [main] Constructor
2023-05-24 18:22:18.544 [main] Modifiers: public
2023-05-24 18:22:18.553 [main] Parameter Types: String, int, Subject
2023-05-24 18:22:18.553 [main] 
2023-05-24 18:22:18.553 [main] Constructor
2023-05-24 18:22:18.553 [main] Modifiers: public
2023-05-24 18:22:18.554 [main] Parameter Types: String, int, String
2023-05-24 18:22:18.554 [main] 
2023-05-24 18:22:18.554 [main] Constructor
2023-05-24 18:22:18.554 [main] Modifiers: public
2023-05-24 18:22:18.554 [main] Parameter Types: String, String, int, int, int, String, String, String, String, Schedule
2023-05-24 18:22:18.554 [main] 
2023-05-24 18:22:18.554 [main] Constructor
2023-05-24 18:22:18.554 [main] Modifiers: public
2023-05-24 18:22:18.554 [main] Parameter Types: String, String, int, int, int, String, String, String, String
2023-05-24 18:22:18.554 [main] 
2023-05-24 18:22:18.554 [main] Constructor
2023-05-24 18:22:18.554 [main] Modifiers: public
2023-05-24 18:22:18.554 [main] Parameter Types: Schedule
2023-05-24 18:22:18.554 [main] 
2023-05-24 18:22:18.554 [main] +++++++++++++++++++++++++++++++++
2023-05-24 18:22:18.554 [main] Extracting information about constructors
2023-05-24 18:22:18.554 [main] Method: toString
2023-05-24 18:22:18.554 [main] Return Type: String
2023-05-24 18:22:18.554 [main] Modifiers: public
2023-05-24 18:22:18.555 [main] Parameter Types: 
2023-05-24 18:22:18.555 [main] 
2023-05-24 18:22:18.555 [main] Method: customToString
2023-05-24 18:22:18.555 [main] Return Type: String
2023-05-24 18:22:18.555 [main] Modifiers: public
2023-05-24 18:22:18.555 [main] Parameter Types: 
2023-05-24 18:22:18.555 [main] 
2023-05-24 18:22:18.555 [main] Method: getSubject
2023-05-24 18:22:18.555 [main] Return Type: Subject
2023-05-24 18:22:18.555 [main] Modifiers: public
2023-05-24 18:22:18.556 [main] Parameter Types: 
2023-05-24 18:22:18.556 [main] 
2023-05-24 18:22:18.556 [main] Method: getSchedule
2023-05-24 18:22:18.556 [main] Return Type: Schedule
2023-05-24 18:22:18.556 [main] Modifiers: public
2023-05-24 18:22:18.556 [main] Parameter Types: 
2023-05-24 18:22:18.556 [main] 
2023-05-24 18:22:18.556 [main] Method: setStanding
2023-05-24 18:22:18.556 [main] Return Type: void
2023-05-24 18:22:18.556 [main] Modifiers: public
2023-05-24 18:22:18.556 [main] Parameter Types: String
2023-05-24 18:22:18.556 [main] 
2023-05-24 18:22:18.556 [main] Method: getMajor
2023-05-24 18:22:18.556 [main] Return Type: String
2023-05-24 18:22:18.556 [main] Modifiers: public
2023-05-24 18:22:18.556 [main] Parameter Types: 
2023-05-24 18:22:18.556 [main] 
2023-05-24 18:22:18.556 [main] Method: setMajor
2023-05-24 18:22:18.557 [main] Return Type: void
2023-05-24 18:22:18.557 [main] Modifiers: public
2023-05-24 18:22:18.557 [main] Parameter Types: String
2023-05-24 18:22:18.557 [main] 
2023-05-24 18:22:18.557 [main] Method: printInfo
2023-05-24 18:22:18.557 [main] Return Type: void
2023-05-24 18:22:18.557 [main] Modifiers: public
2023-05-24 18:22:18.557 [main] Parameter Types: 
2023-05-24 18:22:18.557 [main] 
2023-05-24 18:22:18.557 [main] Method: setSchedule
2023-05-24 18:22:18.557 [main] Return Type: void
2023-05-24 18:22:18.557 [main] Modifiers: public
2023-05-24 18:22:18.557 [main] Parameter Types: Schedule
2023-05-24 18:22:18.557 [main] 
2023-05-24 18:22:18.557 [main] Method: getAcademicStanding
2023-05-24 18:22:18.557 [main] Return Type: String
2023-05-24 18:22:18.557 [main] Modifiers: public
2023-05-24 18:22:18.557 [main] Parameter Types: 
2023-05-24 18:22:18.558 [main] 
2023-06-07 20:25:12.114 [pool-2-thread-7] Hi
2023-06-07 20:25:12.114 [pool-2-thread-1] Hi
2023-06-07 20:25:12.115 [pool-2-thread-6] Hi
2023-06-07 20:25:12.115 [pool-2-thread-2] Hi
2023-06-07 20:25:12.114 [pool-2-thread-3] Hi
2023-06-07 20:31:13.676 [pool-2-thread-7] Hi
2023-06-07 20:31:13.676 [pool-2-thread-6] Hi
2023-06-07 20:31:13.676 [pool-2-thread-2] Hi
2023-06-07 20:31:13.676 [pool-2-thread-1] Hi
2023-06-07 20:31:13.676 [pool-2-thread-4] Hi
2023-06-07 20:31:59.189 [pool-2-thread-7] Hi
2023-06-07 20:31:59.189 [pool-2-thread-1] Hi
2023-06-07 20:31:59.189 [pool-2-thread-4] Hi
2023-06-07 20:31:59.189 [pool-2-thread-6] Hi
2023-06-07 20:31:59.189 [pool-2-thread-2] Hi
2023-06-07 21:30:24.643 [main] Main thread message 1
2023-06-07 21:30:25.655 [Thread-1] Custom thread (Thread) message 32
2023-06-07 21:30:25.655 [Thread-0] Custom (runnable) thread message 31
2023-06-07 21:49:20.424 [main] Initializing connection pool.
2023-06-07 21:49:20.426 [main] Step 3: Create Connection Pool.
Use collection from java.util.concurrent package.
Connection class may be mocked. The pool should be threadsafe and lazy initialized.
2023-06-07 21:49:20.428 [Thread-1] Acquired connection: com.solvd.ThreadConnectionPool.ConnectionPool.Connection@67923c12
2023-06-07 21:49:20.428 [Thread-2] Acquired connection: com.solvd.ThreadConnectionPool.ConnectionPool.Connection@68333fe4
2023-06-07 21:49:20.428 [Thread-4] Acquired connection: com.solvd.ThreadConnectionPool.ConnectionPool.Connection@61a139f0
2023-06-07 21:49:20.428 [Thread-0] Acquired connection: com.solvd.ThreadConnectionPool.ConnectionPool.Connection@6fe09bf8
2023-06-07 21:49:20.428 [Thread-3] Acquired connection: com.solvd.ThreadConnectionPool.ConnectionPool.Connection@7c55a2d8
2023-06-07 21:49:20.431 [Thread-6] Released connection: com.solvd.ThreadConnectionPool.ConnectionPool.Connection@67923c12
2023-06-07 21:49:20.431 [Thread-5] Released connection: com.solvd.ThreadConnectionPool.ConnectionPool.Connection@6fe09bf8
2023-06-07 21:49:20.431 [Thread-9] Released connection: com.solvd.ThreadConnectionPool.ConnectionPool.Connection@61a139f0
2023-06-07 21:49:20.431 [Thread-8] Released connection: com.solvd.ThreadConnectionPool.ConnectionPool.Connection@7c55a2d8
2023-06-07 21:49:20.431 [Thread-7] Released connection: com.solvd.ThreadConnectionPool.ConnectionPool.Connection@68333fe4
2023-06-07 21:49:20.432 [main] =====================================
2023-06-07 21:49:20.432 [main] Step 4: Initialize Connection Pool object of size 5.
Load Connection Pool using single threads and Java Thread Pool (7 threads in total).
5 threads should be able to get the connection.
2 Threads should wait for the next available connection. The program should wait as well.
2023-06-07 21:49:20.433 [Thread-10] Connection acquired: com.solvd.ThreadConnectionPool.ConnectionPool.Connection@6fe09bf8
2023-06-07 21:49:20.434 [Thread-13] Connection acquired: com.solvd.ThreadConnectionPool.ConnectionPool.Connection@7c55a2d8
2023-06-07 21:49:20.433 [Thread-12] Connection acquired: com.solvd.ThreadConnectionPool.ConnectionPool.Connection@68333fe4
2023-06-07 21:49:20.434 [Thread-11] Connection acquired: com.solvd.ThreadConnectionPool.ConnectionPool.Connection@67923c12
2023-06-07 21:49:20.434 [Thread-14] Connection acquired: com.solvd.ThreadConnectionPool.ConnectionPool.Connection@61a139f0
2023-06-07 21:49:25.442 [Thread-12] Connection released: com.solvd.ThreadConnectionPool.ConnectionPool.Connection@68333fe4
2023-06-07 21:49:25.442 [Thread-14] Connection released: com.solvd.ThreadConnectionPool.ConnectionPool.Connection@61a139f0
2023-06-07 21:49:25.442 [Thread-10] Connection released: com.solvd.ThreadConnectionPool.ConnectionPool.Connection@6fe09bf8
2023-06-07 21:49:25.442 [Thread-11] Connection released: com.solvd.ThreadConnectionPool.ConnectionPool.Connection@67923c12
2023-06-07 21:49:25.442 [Thread-13] Connection released: com.solvd.ThreadConnectionPool.ConnectionPool.Connection@7c55a2d8
2023-06-07 21:49:25.442 [pool-3-thread-2] Connection acquired: com.solvd.ThreadConnectionPool.ConnectionPool.Connection@67923c12
2023-06-07 21:49:25.442 [pool-3-thread-1] Connection acquired: com.solvd.ThreadConnectionPool.ConnectionPool.Connection@68333fe4
2023-06-07 21:49:26.445 [pool-3-thread-2] Connection released: com.solvd.ThreadConnectionPool.ConnectionPool.Connection@67923c12
2023-06-07 21:49:26.454 [pool-3-thread-1] Connection released: com.solvd.ThreadConnectionPool.ConnectionPool.Connection@68333fe4
2023-06-07 21:52:11.223 [main] Initializing connection pool.
2023-06-07 21:52:11.225 [main] =================================
2023-06-07 21:52:11.226 [main] Implement previous point but with interfaces Future and CompletableStage.
2023-06-07 21:52:11.229 [pool-2-thread-3] Connection acquired:5: com.solvd.ThreadConnectionPool.ConnectionPool.Connection@4e0b4298
2023-06-07 21:52:11.229 [pool-2-thread-1] Connection acquired:3: com.solvd.ThreadConnectionPool.ConnectionPool.Connection@16c243b0
2023-06-07 21:52:11.229 [pool-2-thread-3] Hi
2023-06-07 21:52:11.229 [pool-2-thread-2] Connection acquired:4: com.solvd.ThreadConnectionPool.ConnectionPool.Connection@49c69ed6
2023-06-07 21:52:11.229 [pool-2-thread-1] Hi
2023-06-07 21:52:11.229 [pool-2-thread-7] Connection acquired:2: com.solvd.ThreadConnectionPool.ConnectionPool.Connection@211ab68
2023-06-07 21:52:11.229 [pool-2-thread-6] Connection acquired:1: com.solvd.ThreadConnectionPool.ConnectionPool.Connection@2d7c4252
2023-06-07 21:52:11.230 [pool-2-thread-2] Hi
2023-06-07 21:52:11.230 [pool-2-thread-7] Hi
2023-06-07 21:52:11.230 [pool-2-thread-6] Hi
2023-06-07 21:52:13.231 [pool-2-thread-2] Connection released 4: com.solvd.ThreadConnectionPool.ConnectionPool.Connection@49c69ed6
2023-06-07 21:52:13.231 [pool-2-thread-3] Connection released 5: com.solvd.ThreadConnectionPool.ConnectionPool.Connection@4e0b4298
2023-06-07 21:52:13.231 [pool-2-thread-1] Connection released 3: com.solvd.ThreadConnectionPool.ConnectionPool.Connection@16c243b0
2023-06-07 21:52:13.231 [pool-2-thread-7] Connection released 2: com.solvd.ThreadConnectionPool.ConnectionPool.Connection@211ab68
2023-06-07 21:52:13.231 [pool-2-thread-6] Connection released 1: com.solvd.ThreadConnectionPool.ConnectionPool.Connection@2d7c4252
2023-06-07 21:52:13.232 [pool-2-thread-1] Waiting Connection acquired 1: com.solvd.ThreadConnectionPool.ConnectionPool.Connection@49c69ed6
2023-06-07 21:52:13.232 [pool-2-thread-4] Waiting Connection acquired 2: com.solvd.ThreadConnectionPool.ConnectionPool.Connection@2d7c4252
2023-06-07 21:52:14.242 [pool-2-thread-4] Waiting Connection released 2: com.solvd.ThreadConnectionPool.ConnectionPool.Connection@2d7c4252
2023-06-07 21:52:14.242 [pool-2-thread-1] Waiting Connection released 1: com.solvd.ThreadConnectionPool.ConnectionPool.Connection@49c69ed6
2023-06-07 21:52:15.241 [main] Testing completed.
2023-06-07 21:55:38.484 [main] =================================
2023-06-07 21:55:38.486 [main] Implement previous point but with interfaces Future and CompletableStage.
2023-06-07 21:55:38.487 [main] Initializing connection pool.
2023-06-07 21:55:38.491 [pool-2-thread-1] Connection acquired:3: com.solvd.ThreadConnectionPool.ConnectionPool.Connection@38670a55
2023-06-07 21:55:38.491 [pool-2-thread-3] Connection acquired:5: com.solvd.ThreadConnectionPool.ConnectionPool.Connection@49c69ed6
2023-06-07 21:55:38.491 [pool-2-thread-6] Connection acquired:1: com.solvd.ThreadConnectionPool.ConnectionPool.Connection@20ef5d32
2023-06-07 21:55:38.491 [pool-2-thread-7] Connection acquired:2: com.solvd.ThreadConnectionPool.ConnectionPool.Connection@2d7c4252
2023-06-07 21:55:38.491 [pool-2-thread-2] Connection acquired:4: com.solvd.ThreadConnectionPool.ConnectionPool.Connection@16c243b0
2023-06-07 21:55:40.505 [pool-2-thread-3] Connection released 5: com.solvd.ThreadConnectionPool.ConnectionPool.Connection@49c69ed6
2023-06-07 21:55:40.505 [pool-2-thread-6] Connection released 1: com.solvd.ThreadConnectionPool.ConnectionPool.Connection@20ef5d32
2023-06-07 21:55:40.505 [pool-2-thread-2] Connection released 4: com.solvd.ThreadConnectionPool.ConnectionPool.Connection@16c243b0
2023-06-07 21:55:40.505 [pool-2-thread-7] Connection released 2: com.solvd.ThreadConnectionPool.ConnectionPool.Connection@2d7c4252
2023-06-07 21:55:40.505 [pool-2-thread-1] Connection released 3: com.solvd.ThreadConnectionPool.ConnectionPool.Connection@38670a55
2023-06-07 21:55:40.505 [pool-2-thread-4] Waiting Connection acquired 2: com.solvd.ThreadConnectionPool.ConnectionPool.Connection@49c69ed6
2023-06-07 21:55:40.505 [pool-2-thread-5] Waiting Connection acquired 1: com.solvd.ThreadConnectionPool.ConnectionPool.Connection@2d7c4252
2023-06-07 21:55:41.506 [pool-2-thread-4] Waiting Connection released 2: com.solvd.ThreadConnectionPool.ConnectionPool.Connection@49c69ed6
2023-06-07 21:55:41.522 [pool-2-thread-5] Waiting Connection released 1: com.solvd.ThreadConnectionPool.ConnectionPool.Connection@2d7c4252
2023-06-07 21:55:42.516 [main] Testing completed.
